<?xml version="1.0" encoding="UTF-8"?>
<!-- Generated by org.testng.reporters.JUnitXMLReporter -->
<testsuite hostname="YP1007034LT" name="Command line test" tests="3" failures="0" timestamp="23 Mar 2019 06:34:30 GMT" time="0.023" errors="0">
  <testcase name="@BeforeClass getBrowser" time="0.0" classname="stepDefination.Login_TestCase">
    <failure type="org.testng.TestNGException" message="
Method getBrowser requires 1 parameters but 0 were supplied in the @Configuration annotation.">
      <![CDATA[org.testng.TestNGException: 
Method getBrowser requires 1 parameters but 0 were supplied in the @Configuration annotation.
... Removed 32 stack frames]]>
    </failure>
  </testcase> <!-- @BeforeClass getBrowser -->
  <testcase name="@AfterClass teardown" time="0.0" classname="stepDefination.Login_TestCase">
    <skipped/>
  </testcase> <!-- @AfterClass teardown -->
  <testcase name="click_on_login_button" time="0.003" classname="stepDefination.Login_TestCase">
    <skipped/>
  </testcase> <!-- click_on_login_button -->
  <testcase name="enter_Username_and_Password" time="0.0" classname="stepDefination.Login_TestCase">
    <skipped/>
  </testcase> <!-- enter_Username_and_Password -->
  <testcase name="title_should_be" time="0.0" classname="stepDefination.Login_TestCase">
    <skipped/>
  </testcase> <!-- title_should_be -->
</testsuite> <!-- Command line test -->
