<?xml version="1.0" encoding="UTF-8"?>
<!-- Generated by org.testng.reporters.JUnitXMLReporter -->
<testsuite hostname="YP1007034LT" name="Dealer Path" tests="1" failures="1" timestamp="11 Apr 2019 13:30:11 GMT" time="12.317" errors="0">
  <testcase name="feature" time="11.022" classname="com.cucumber.runner.Runner">
    <failure type="cucumber.runtime.CucumberException" message="java.lang.NullPointerException">
      <![CDATA[cucumber.runtime.CucumberException: java.lang.NullPointerException
	at cucumber.api.testng.TestNGCucumberRunner.runCucumber(TestNGCucumberRunner.java:69)
	at cucumber.api.testng.AbstractTestNGCucumberTests.feature(AbstractTestNGCucumberTests.java:21)
Caused by: java.lang.NullPointerException
	at java.util.Objects.requireNonNull(Objects.java:203)
	at org.openqa.selenium.support.ui.FluentWait.<init>(FluentWait.java:115)
	at org.openqa.selenium.support.ui.WebDriverWait.<init>(WebDriverWait.java:102)
	at org.openqa.selenium.support.ui.WebDriverWait.<init>(WebDriverWait.java:45)
	at com.cucumber.base.BaseClass.<init>(BaseClass.java:37)
	at com.cucumber.pages.AddUser_Factory.<init>(AddUser_Factory.java:20)
	at com.cucumber.steps.AddUser_TestCase.click_on_Add_User_link(AddUser_TestCase.java:81)
	at âœ½.Given Click on Add User link(Verify_AddUser.feature:11)
... Removed 24 stack frames]]>
    </failure>
  </testcase> <!-- feature -->
</testsuite> <!-- Dealer Path -->
