<?xml version="1.0" encoding="UTF-8"?>
<!-- Generated by org.testng.reporters.JUnitXMLReporter -->
<testsuite hostname="YP1007034LT" name="Dealer Path" tests="4" failures="1" timestamp="23 Mar 2019 07:01:11 GMT" time="40.879" errors="0">
  <testcase name="feature" time="22.449" classname="runner.Runner"/>
  <testcase name="feature" time="5.265" classname="runner.Runner"/>
  <testcase name="feature" time="6.522" classname="runner.Runner"/>
  <testcase name="feature" time="5.612" classname="runner.Runner">
    <failure type="cucumber.runtime.CucumberException" message="java.lang.AssertionError: expected [Please enter a valid email addrss.] but found [Please enter a valid email address.]">
      <![CDATA[cucumber.runtime.CucumberException: java.lang.AssertionError: expected [Please enter a valid email addrss.] but found [Please enter a valid email address.]
	at cucumber.api.testng.TestNGCucumberRunner.runCucumber(TestNGCucumberRunner.java:69)
	at cucumber.api.testng.AbstractTestNGCucumberTests.feature(AbstractTestNGCucumberTests.java:21)
Caused by: java.lang.AssertionError: expected [Please enter a valid email addrss.] but found [Please enter a valid email address.]
	at pageFactory.AddUser_Factory.getEmailErrorMessage(AddUser_Factory.java:65)
	at stepDefination.InvalidEmail_TestCase.for_Error_message_should_be_shown_as(InvalidEmail_TestCase.java:19)
	at âœ½.Then Error message should be shown as "Please enter a valid email addrss."(Verify_Email.feature:13)
... Removed 30 stack frames]]>
    </failure>
  </testcase> <!-- feature -->
</testsuite> <!-- Dealer Path -->
